e:\code\consoleapplication1\x64\release\dll1\dll1\x64\release\dll1.pch
e:\code\consoleapplication1\x64\release\dll1\dll1\x64\release\vc142.pdb
e:\code\consoleapplication1\x64\release\dll1\dll1\x64\release\pch.obj
e:\code\consoleapplication1\x64\release\dll1\dll1\x64\release\dllmain.obj
e:\code\consoleapplication1\x64\release\dll1\dll1\x64\release\dll1.obj
e:\code\consoleapplication1\x64\release\dll1\x64\release\dll1.lib
e:\code\consoleapplication1\x64\release\dll1\x64\release\dll1.exp
e:\code\consoleapplication1\x64\release\dll1\x64\release\dll1.dll
e:\code\consoleapplication1\x64\release\dll1\dll1\x64\release\dll1.ipdb
e:\code\consoleapplication1\x64\release\dll1\dll1\x64\release\dll1.iobj
e:\code\consoleapplication1\x64\release\dll1\x64\release\dll1.pdb
e:\code\consoleapplication1\x64\release\dll1\dll1\x64\release\dll1.tlog\cl.command.1.tlog
e:\code\consoleapplication1\x64\release\dll1\dll1\x64\release\dll1.tlog\cl.read.1.tlog
e:\code\consoleapplication1\x64\release\dll1\dll1\x64\release\dll1.tlog\cl.write.1.tlog
e:\code\consoleapplication1\x64\release\dll1\dll1\x64\release\dll1.tlog\custombuild.command.1.tlog
e:\code\consoleapplication1\x64\release\dll1\dll1\x64\release\dll1.tlog\custombuild.read.1.tlog
e:\code\consoleapplication1\x64\release\dll1\dll1\x64\release\dll1.tlog\custombuild.write.1.tlog
e:\code\consoleapplication1\x64\release\dll1\dll1\x64\release\dll1.tlog\dll1.write.1u.tlog
e:\code\consoleapplication1\x64\release\dll1\dll1\x64\release\dll1.tlog\link.command.1.tlog
e:\code\consoleapplication1\x64\release\dll1\dll1\x64\release\dll1.tlog\link.read.1.tlog
e:\code\consoleapplication1\x64\release\dll1\dll1\x64\release\dll1.tlog\link.write.1.tlog
